2022-11-28 14:55:55.364  INFO 17728 --- [SpringApplicationShutdownHook] j.LocalContainerEntityManagerFactoryBean : Closing JPA EntityManagerFactory for persistence unit 'default'
2022-11-28 14:55:55.367  INFO 17728 --- [SpringApplicationShutdownHook] com.zaxxer.hikari.HikariDataSource       : HikariPool-1 - Shutdown initiated...
2022-11-28 14:55:55.374  INFO 17728 --- [SpringApplicationShutdownHook] com.zaxxer.hikari.HikariDataSource       : HikariPool-1 - Shutdown completed.
2022-11-28 14:55:57.382  INFO 24368 --- [restartedMain] .s.s.l.SpringBootLoginExampleApplication : Starting SpringBootLoginExampleApplication using Java 19.0.1 on DCIREODCPR25 with PID 24368 (C:\Users\amalle\Documents\Secucom\target\classes started by amalle in C:\Users\amalle\Documents\Secucom)
2022-11-28 14:55:57.383  INFO 24368 --- [restartedMain] .s.s.l.SpringBootLoginExampleApplication : No active profile set, falling back to 1 default profile: "default"
2022-11-28 14:55:57.422  INFO 24368 --- [restartedMain] .e.DevToolsPropertyDefaultsPostProcessor : Devtools property defaults active! Set 'spring.devtools.add-properties' to 'false' to disable
2022-11-28 14:55:57.422  INFO 24368 --- [restartedMain] .e.DevToolsPropertyDefaultsPostProcessor : For additional web related logging consider setting the 'logging.level.web' property to 'DEBUG'
2022-11-28 14:55:58.005  INFO 24368 --- [restartedMain] .s.d.r.c.RepositoryConfigurationDelegate : Bootstrapping Spring Data JPA repositories in DEFAULT mode.
2022-11-28 14:55:58.048  INFO 24368 --- [restartedMain] .s.d.r.c.RepositoryConfigurationDelegate : Finished Spring Data repository scanning in 34 ms. Found 2 JPA repository interfaces.
2022-11-28 14:55:58.700  INFO 24368 --- [restartedMain] o.s.b.w.embedded.tomcat.TomcatWebServer  : Tomcat initialized with port(s): 8080 (http)
2022-11-28 14:55:58.711  INFO 24368 --- [restartedMain] o.apache.catalina.core.StandardService   : Starting service [Tomcat]
2022-11-28 14:55:58.712  INFO 24368 --- [restartedMain] org.apache.catalina.core.StandardEngine  : Starting Servlet engine: [Apache Tomcat/9.0.65]
2022-11-28 14:55:58.786  INFO 24368 --- [restartedMain] o.a.c.c.C.[Tomcat].[localhost].[/]       : Initializing Spring embedded WebApplicationContext
2022-11-28 14:55:58.786  INFO 24368 --- [restartedMain] w.s.c.ServletWebServerApplicationContext : Root WebApplicationContext: initialization completed in 1363 ms
2022-11-28 14:55:58.930  INFO 24368 --- [restartedMain] o.hibernate.jpa.internal.util.LogHelper  : HHH000204: Processing PersistenceUnitInfo [name: default]
2022-11-28 14:55:58.970  INFO 24368 --- [restartedMain] org.hibernate.Version                    : HHH000412: Hibernate ORM core version 5.6.10.Final
2022-11-28 14:55:59.103  INFO 24368 --- [restartedMain] o.hibernate.annotations.common.Version   : HCANN000001: Hibernate Commons Annotations {5.1.2.Final}
2022-11-28 14:55:59.184  INFO 24368 --- [restartedMain] com.zaxxer.hikari.HikariDataSource       : HikariPool-1 - Starting...
2022-11-28 14:55:59.306  INFO 24368 --- [restartedMain] com.zaxxer.hikari.HikariDataSource       : HikariPool-1 - Start completed.
2022-11-28 14:55:59.318  INFO 24368 --- [restartedMain] org.hibernate.dialect.Dialect            : HHH000400: Using dialect: org.hibernate.dialect.MySQL5InnoDBDialect
2022-11-28 14:55:59.849  INFO 24368 --- [restartedMain] o.h.e.t.j.p.i.JtaPlatformInitiator       : HHH000490: Using JtaPlatform implementation: [org.hibernate.engine.transaction.jta.platform.internal.NoJtaPlatform]
2022-11-28 14:55:59.855  INFO 24368 --- [restartedMain] j.LocalContainerEntityManagerFactoryBean : Initialized JPA EntityManagerFactory for persistence unit 'default'
2022-11-28 14:56:00.421  WARN 24368 --- [restartedMain] JpaBaseConfiguration$JpaWebConfiguration : spring.jpa.open-in-view is enabled by default. Therefore, database queries may be performed during view rendering. Explicitly configure spring.jpa.open-in-view to disable this warning
2022-11-28 14:56:00.596  INFO 24368 --- [restartedMain] o.s.s.web.DefaultSecurityFilterChain     : Will secure any request with [org.springframework.security.web.session.DisableEncodeUrlFilter@4a3cf86, org.springframework.security.web.context.request.async.WebAsyncManagerIntegrationFilter@7c508763, org.springframework.security.web.context.SecurityContextPersistenceFilter@429e3e4b, org.springframework.security.web.header.HeaderWriterFilter@2d5ba838, org.springframework.web.filter.CorsFilter@5cef1bbe, org.springframework.security.web.authentication.logout.LogoutFilter@53cac6bb, org.springframework.security.oauth2.client.web.OAuth2AuthorizationRequestRedirectFilter@3f09c80e, org.springframework.security.oauth2.client.web.OAuth2LoginAuthenticationFilter@4a1653b2, com.secucom.spring.login.security.jwt.AuthTokenFilter@3022495b, org.springframework.security.web.authentication.UsernamePasswordAuthenticationFilter@3320217, org.springframework.security.web.authentication.ui.DefaultLoginPageGeneratingFilter@6cbf1af9, org.springframework.security.web.authentication.ui.DefaultLogoutPageGeneratingFilter@70dcb708, org.springframework.security.web.savedrequest.RequestCacheAwareFilter@2ebf24be, org.springframework.security.web.servletapi.SecurityContextHolderAwareRequestFilter@666a0422, org.springframework.security.web.authentication.AnonymousAuthenticationFilter@6a19996a, org.springframework.security.web.session.SessionManagementFilter@3d075857, org.springframework.security.web.access.ExceptionTranslationFilter@6f0881be, org.springframework.security.web.access.intercept.FilterSecurityInterceptor@78aae6b7]
2022-11-28 14:56:00.788  INFO 24368 --- [restartedMain] o.s.b.d.a.OptionalLiveReloadServer       : LiveReload server is running on port 35729
2022-11-28 14:56:00.814  INFO 24368 --- [restartedMain] o.s.b.w.embedded.tomcat.TomcatWebServer  : Tomcat started on port(s): 8080 (http) with context path ''
2022-11-28 14:56:00.822  INFO 24368 --- [restartedMain] .s.s.l.SpringBootLoginExampleApplication : Started SpringBootLoginExampleApplication in 3.835 seconds (JVM running for 4.248)
